<?xml version="1.0" encoding="UTF-8"?>
<!-- Generated by org.testng.reporters.JUnitReportReporter -->
<testsuite hostname="sofi" failures="0" tests="1" name="testngeg.Popupdisable" time="10.865" errors="0" timestamp="2023-11-21T11:19:25 GST" skipped="0">
  <testcase classname="testngeg.Popupdisable" name="test" time="10.865"/>
  <system-out/>
</testsuite> <!-- testngeg.Popupdisable -->
