<?xml version="1.0" encoding="UTF-8"?>
<!-- Generated by org.testng.reporters.JUnitReportReporter -->
<testsuite hostname="sofi" failures="0" tests="1" name="testngeg.Auto" time="2.468" errors="0" timestamp="2023-11-16T17:45:16 GST" skipped="0">
  <testcase classname="testngeg.Auto" name="logintest" time="2.468"/>
  <system-out/>
</testsuite> <!-- testngeg.Auto -->
