<?xml version="1.0" encoding="UTF-8"?>
<!-- Generated by org.testng.reporters.JUnitReportReporter -->
<testsuite hostname="sofi" failures="0" tests="1" name="testngeg.Fileupload" time="1.117" errors="0" timestamp="2023-11-17T10:18:52 GST" skipped="0">
  <testcase classname="testngeg.Fileupload" name="test" time="1.117"/>
  <system-out/>
</testsuite> <!-- testngeg.Fileupload -->
