<?xml version="1.0" encoding="UTF-8"?>
<!-- Generated by org.testng.reporters.JUnitReportReporter -->
<testsuite hostname="sofi" failures="0" tests="1" name="testngeg.Copypaste" time="0.565" errors="0" timestamp="2023-11-14T10:41:00 GST" skipped="0">
  <testcase classname="testngeg.Copypaste" name="setup" time="0.565"/>
  <system-out/>
</testsuite> <!-- testngeg.Copypaste -->
