<?xml version="1.0" encoding="UTF-8"?>
<!-- Generated by org.testng.reporters.JUnitReportReporter -->
<testsuite hostname="sofi" failures="0" tests="3" name="testngeg.Radioboutton" time="18.387" errors="0" timestamp="2023-11-15T19:38:33 GST" skipped="0">
  <testcase classname="testngeg.Radioboutton" name="test2" time="2.920"/>
  <system-out/>
  <testcase classname="testngeg.Radioboutton" name="test1" time="7.691"/>
  <system-out/>
  <testcase classname="testngeg.Radioboutton" name="test1" time="7.776"/>
  <system-out/>
</testsuite> <!-- testngeg.Radioboutton -->
