<?xml version="1.0" encoding="UTF-8"?>
<!-- Generated by org.testng.reporters.JUnitReportReporter -->
<testsuite hostname="sofi" failures="0" tests="1" name="testngeg.Screenshot" time="0.467" errors="0" timestamp="2023-11-21T10:55:07 GST" skipped="0">
  <testcase classname="testngeg.Screenshot" name="load" time="0.467"/>
  <system-out/>
</testsuite> <!-- testngeg.Screenshot -->
