<?xml version="1.0" encoding="UTF-8"?>
<!-- Generated by org.testng.reporters.JUnitReportReporter -->
<testsuite hostname="sofi" failures="0" tests="1" name="testngeg.Dragdrop" time="1.882" errors="0" timestamp="2023-11-15T14:28:54 GST" skipped="0">
  <testcase classname="testngeg.Dragdrop" name="gtst" time="1.882"/>
  <system-out/>
</testsuite> <!-- testngeg.Dragdrop -->
