<?xml version="1.0" encoding="UTF-8"?>
<!-- Generated by org.testng.reporters.JUnitReportReporter -->
<testsuite hostname="sofi" failures="0" tests="3" name="testngeg.Crossbrtest" time="5.415" errors="0" timestamp="2023-11-15T14:17:02 GST" skipped="0">
  <testcase classname="testngeg.Crossbrtest" name="test" time="2.099"/>
  <system-out/>
  <testcase classname="testngeg.Crossbrtest" name="test" time="1.689"/>
  <system-out/>
  <testcase classname="testngeg.Crossbrtest" name="test" time="1.627"/>
  <system-out/>
</testsuite> <!-- testngeg.Crossbrtest -->
