<?xml version="1.0" encoding="UTF-8"?>
<!-- Generated by org.testng.reporters.JUnitReportReporter -->
<testsuite hostname="sofi" failures="0" tests="1" name="Test.Fblohingtest" time="0.308" errors="0" timestamp="2023-12-11T19:08:56 GST" skipped="0">
  <testcase classname="Test.Fblohingtest" name="testlogin" time="0.308"/>
  <system-out/>
</testsuite> <!-- Test.Fblohingtest -->
