<?xml version="1.0" encoding="UTF-8"?>
<!-- Generated by org.testng.reporters.JUnitReportReporter -->
<testsuite hostname="sofi" failures="0" tests="1" name="testngeg.Guru" time="0.924" errors="0" timestamp="2023-11-21T09:55:42 GST" skipped="0">
  <testcase classname="testngeg.Guru" name="test1" time="0.924"/>
  <system-out/>
</testsuite> <!-- testngeg.Guru -->
