<?xml version="1.0" encoding="UTF-8"?>
<!-- Generated by org.testng.reporters.JUnitReportReporter -->
<testsuite hostname="sofi" failures="0" tests="1" name="testngeg.Windowhandler" time="1.722" errors="0" timestamp="2023-11-23T10:40:34 GST" skipped="0">
  <testcase classname="testngeg.Windowhandler" name="test" time="1.722"/>
  <system-out/>
</testsuite> <!-- testngeg.Windowhandler -->
